Build started 6/27/2018 1:42:46 PM.
     1>Project "\\fs09d\stu11\Home\zhenkusens0654\Visual Studio 2012\Projects\DCommH3\DCommH3\DCommH3.vcxproj" on node 2 (Build target(s)).
     1>ClCompile:
         C:\Program Files (x86)\Microsoft Visual Studio 11.0\VC\bin\CL.exe /c /ZI /nologo /W3 /WX- /sdl- /Od /Oy- /D WIN32 /D _DEBUG /D _CONSOLE /D _UNICODE /D UNICODE /Gm /EHsc /RTC1 /MDd /GS /fp:precise /Zc:wchar_t /Zc:forScope /Yu"stdafx.h" /Fp"Debug\DCommH3.pch" /Fo"Debug\\" /Fd"Debug\vc110.pdb" /Gd /TP /analyze- /errorReport:prompt DCommH3.cpp
         DCommH3.cpp
     1>\\fs09d\stu11\home\zhenkusens0654\visual studio 2012\projects\dcommh3\dcommh3\dcommh3.cpp(5): warning C4627: '#include <stdlib.h>': skipped when looking for precompiled header use
                 Add directive to 'stdafx.h' or rebuild precompiled header
     1>\\fs09d\stu11\home\zhenkusens0654\visual studio 2012\projects\dcommh3\dcommh3\dcommh3.cpp(42): warning C4996: 'getch': The POSIX name for this item is deprecated. Instead, use the ISO C++ conformant name: _getch. See online help for details.
                 c:\program files (x86)\microsoft visual studio 11.0\vc\include\conio.h(131) : see declaration of 'getch'
     1>\\fs09d\stu11\home\zhenkusens0654\visual studio 2012\projects\dcommh3\dcommh3\dcommh3.cpp(47): warning C4996: 'gets': This function or variable may be unsafe. Consider using gets_s instead. To disable deprecation, use _CRT_SECURE_NO_WARNINGS. See online help for details.
                 c:\program files (x86)\microsoft visual studio 11.0\vc\include\stdio.h(261) : see declaration of 'gets'
     1>\\fs09d\stu11\home\zhenkusens0654\visual studio 2012\projects\dcommh3\dcommh3\dcommh3.cpp(49): warning C4996: 'gets': This function or variable may be unsafe. Consider using gets_s instead. To disable deprecation, use _CRT_SECURE_NO_WARNINGS. See online help for details.
                 c:\program files (x86)\microsoft visual studio 11.0\vc\include\stdio.h(261) : see declaration of 'gets'
     1>\\fs09d\stu11\home\zhenkusens0654\visual studio 2012\projects\dcommh3\dcommh3\dcommh3.cpp(51): warning C4996: 'gets': This function or variable may be unsafe. Consider using gets_s instead. To disable deprecation, use _CRT_SECURE_NO_WARNINGS. See online help for details.
                 c:\program files (x86)\microsoft visual studio 11.0\vc\include\stdio.h(261) : see declaration of 'gets'
     1>\\fs09d\stu11\home\zhenkusens0654\visual studio 2012\projects\dcommh3\dcommh3\dcommh3.cpp(53): warning C4996: 'gets': This function or variable may be unsafe. Consider using gets_s instead. To disable deprecation, use _CRT_SECURE_NO_WARNINGS. See online help for details.
                 c:\program files (x86)\microsoft visual studio 11.0\vc\include\stdio.h(261) : see declaration of 'gets'
     1>\\fs09d\stu11\home\zhenkusens0654\visual studio 2012\projects\dcommh3\dcommh3\dcommh3.cpp(55): warning C4996: 'gets': This function or variable may be unsafe. Consider using gets_s instead. To disable deprecation, use _CRT_SECURE_NO_WARNINGS. See online help for details.
                 c:\program files (x86)\microsoft visual studio 11.0\vc\include\stdio.h(261) : see declaration of 'gets'
     1>\\fs09d\stu11\home\zhenkusens0654\visual studio 2012\projects\dcommh3\dcommh3\dcommh3.cpp(57): warning C4996: 'gets': This function or variable may be unsafe. Consider using gets_s instead. To disable deprecation, use _CRT_SECURE_NO_WARNINGS. See online help for details.
                 c:\program files (x86)\microsoft visual studio 11.0\vc\include\stdio.h(261) : see declaration of 'gets'
     1>\\fs09d\stu11\home\zhenkusens0654\visual studio 2012\projects\dcommh3\dcommh3\dcommh3.cpp(59): warning C4996: 'gets': This function or variable may be unsafe. Consider using gets_s instead. To disable deprecation, use _CRT_SECURE_NO_WARNINGS. See online help for details.
                 c:\program files (x86)\microsoft visual studio 11.0\vc\include\stdio.h(261) : see declaration of 'gets'
     1>\\fs09d\stu11\home\zhenkusens0654\visual studio 2012\projects\dcommh3\dcommh3\dcommh3.cpp(61): warning C4996: 'gets': This function or variable may be unsafe. Consider using gets_s instead. To disable deprecation, use _CRT_SECURE_NO_WARNINGS. See online help for details.
                 c:\program files (x86)\microsoft visual studio 11.0\vc\include\stdio.h(261) : see declaration of 'gets'
     1>\\fs09d\stu11\home\zhenkusens0654\visual studio 2012\projects\dcommh3\dcommh3\dcommh3.cpp(66): warning C4996: 'gets': This function or variable may be unsafe. Consider using gets_s instead. To disable deprecation, use _CRT_SECURE_NO_WARNINGS. See online help for details.
                 c:\program files (x86)\microsoft visual studio 11.0\vc\include\stdio.h(261) : see declaration of 'gets'
     1>\\fs09d\stu11\home\zhenkusens0654\visual studio 2012\projects\dcommh3\dcommh3\dcommh3.cpp(70): warning C4996: 'gets': This function or variable may be unsafe. Consider using gets_s instead. To disable deprecation, use _CRT_SECURE_NO_WARNINGS. See online help for details.
                 c:\program files (x86)\microsoft visual studio 11.0\vc\include\stdio.h(261) : see declaration of 'gets'
     1>\\fs09d\stu11\home\zhenkusens0654\visual studio 2012\projects\dcommh3\dcommh3\dcommh3.cpp(77): warning C4996: 'strcpy': This function or variable may be unsafe. Consider using strcpy_s instead. To disable deprecation, use _CRT_SECURE_NO_WARNINGS. See online help for details.
                 c:\program files (x86)\microsoft visual studio 11.0\vc\include\string.h(110) : see declaration of 'strcpy'
     1>\\fs09d\stu11\home\zhenkusens0654\visual studio 2012\projects\dcommh3\dcommh3\dcommh3.cpp(78): warning C4996: 'strcat': This function or variable may be unsafe. Consider using strcat_s instead. To disable deprecation, use _CRT_SECURE_NO_WARNINGS. See online help for details.
                 c:\program files (x86)\microsoft visual studio 11.0\vc\include\string.h(115) : see declaration of 'strcat'
     1>\\fs09d\stu11\home\zhenkusens0654\visual studio 2012\projects\dcommh3\dcommh3\dcommh3.cpp(79): warning C4996: 'strcat': This function or variable may be unsafe. Consider using strcat_s instead. To disable deprecation, use _CRT_SECURE_NO_WARNINGS. See online help for details.
                 c:\program files (x86)\microsoft visual studio 11.0\vc\include\string.h(115) : see declaration of 'strcat'
     1>\\fs09d\stu11\home\zhenkusens0654\visual studio 2012\projects\dcommh3\dcommh3\dcommh3.cpp(80): warning C4996: 'strcat': This function or variable may be unsafe. Consider using strcat_s instead. To disable deprecation, use _CRT_SECURE_NO_WARNINGS. See online help for details.
                 c:\program files (x86)\microsoft visual studio 11.0\vc\include\string.h(115) : see declaration of 'strcat'
     1>\\fs09d\stu11\home\zhenkusens0654\visual studio 2012\projects\dcommh3\dcommh3\dcommh3.cpp(81): warning C4996: 'strcat': This function or variable may be unsafe. Consider using strcat_s instead. To disable deprecation, use _CRT_SECURE_NO_WARNINGS. See online help for details.
                 c:\program files (x86)\microsoft visual studio 11.0\vc\include\string.h(115) : see declaration of 'strcat'
     1>\\fs09d\stu11\home\zhenkusens0654\visual studio 2012\projects\dcommh3\dcommh3\dcommh3.cpp(82): warning C4996: 'strcat': This function or variable may be unsafe. Consider using strcat_s instead. To disable deprecation, use _CRT_SECURE_NO_WARNINGS. See online help for details.
                 c:\program files (x86)\microsoft visual studio 11.0\vc\include\string.h(115) : see declaration of 'strcat'
     1>\\fs09d\stu11\home\zhenkusens0654\visual studio 2012\projects\dcommh3\dcommh3\dcommh3.cpp(83): warning C4996: 'strcat': This function or variable may be unsafe. Consider using strcat_s instead. To disable deprecation, use _CRT_SECURE_NO_WARNINGS. See online help for details.
                 c:\program files (x86)\microsoft visual studio 11.0\vc\include\string.h(115) : see declaration of 'strcat'
     1>\\fs09d\stu11\home\zhenkusens0654\visual studio 2012\projects\dcommh3\dcommh3\dcommh3.cpp(84): warning C4996: 'strcat': This function or variable may be unsafe. Consider using strcat_s instead. To disable deprecation, use _CRT_SECURE_NO_WARNINGS. See online help for details.
                 c:\program files (x86)\microsoft visual studio 11.0\vc\include\string.h(115) : see declaration of 'strcat'
     1>\\fs09d\stu11\home\zhenkusens0654\visual studio 2012\projects\dcommh3\dcommh3\dcommh3.cpp(85): warning C4996: 'strcat': This function or variable may be unsafe. Consider using strcat_s instead. To disable deprecation, use _CRT_SECURE_NO_WARNINGS. See online help for details.
                 c:\program files (x86)\microsoft visual studio 11.0\vc\include\string.h(115) : see declaration of 'strcat'
     1>\\fs09d\stu11\home\zhenkusens0654\visual studio 2012\projects\dcommh3\dcommh3\dcommh3.cpp(86): warning C4996: 'strcat': This function or variable may be unsafe. Consider using strcat_s instead. To disable deprecation, use _CRT_SECURE_NO_WARNINGS. See online help for details.
                 c:\program files (x86)\microsoft visual studio 11.0\vc\include\string.h(115) : see declaration of 'strcat'
     1>\\fs09d\stu11\home\zhenkusens0654\visual studio 2012\projects\dcommh3\dcommh3\dcommh3.cpp(87): warning C4996: 'strcat': This function or variable may be unsafe. Consider using strcat_s instead. To disable deprecation, use _CRT_SECURE_NO_WARNINGS. See online help for details.
                 c:\program files (x86)\microsoft visual studio 11.0\vc\include\string.h(115) : see declaration of 'strcat'
     1>\\fs09d\stu11\home\zhenkusens0654\visual studio 2012\projects\dcommh3\dcommh3\dcommh3.cpp(88): warning C4996: 'strcat': This function or variable may be unsafe. Consider using strcat_s instead. To disable deprecation, use _CRT_SECURE_NO_WARNINGS. See online help for details.
                 c:\program files (x86)\microsoft visual studio 11.0\vc\include\string.h(115) : see declaration of 'strcat'
     1>\\fs09d\stu11\home\zhenkusens0654\visual studio 2012\projects\dcommh3\dcommh3\dcommh3.cpp(89): warning C4996: 'strcat': This function or variable may be unsafe. Consider using strcat_s instead. To disable deprecation, use _CRT_SECURE_NO_WARNINGS. See online help for details.
                 c:\program files (x86)\microsoft visual studio 11.0\vc\include\string.h(115) : see declaration of 'strcat'
     1>\\fs09d\stu11\home\zhenkusens0654\visual studio 2012\projects\dcommh3\dcommh3\dcommh3.cpp(90): warning C4996: 'strcat': This function or variable may be unsafe. Consider using strcat_s instead. To disable deprecation, use _CRT_SECURE_NO_WARNINGS. See online help for details.
                 c:\program files (x86)\microsoft visual studio 11.0\vc\include\string.h(115) : see declaration of 'strcat'
     1>\\fs09d\stu11\home\zhenkusens0654\visual studio 2012\projects\dcommh3\dcommh3\dcommh3.cpp(91): warning C4996: 'strcat': This function or variable may be unsafe. Consider using strcat_s instead. To disable deprecation, use _CRT_SECURE_NO_WARNINGS. See online help for details.
                 c:\program files (x86)\microsoft visual studio 11.0\vc\include\string.h(115) : see declaration of 'strcat'
     1>\\fs09d\stu11\home\zhenkusens0654\visual studio 2012\projects\dcommh3\dcommh3\dcommh3.cpp(92): warning C4996: 'strcat': This function or variable may be unsafe. Consider using strcat_s instead. To disable deprecation, use _CRT_SECURE_NO_WARNINGS. See online help for details.
                 c:\program files (x86)\microsoft visual studio 11.0\vc\include\string.h(115) : see declaration of 'strcat'
     1>\\fs09d\stu11\home\zhenkusens0654\visual studio 2012\projects\dcommh3\dcommh3\dcommh3.cpp(99): warning C4996: 'strcpy': This function or variable may be unsafe. Consider using strcpy_s instead. To disable deprecation, use _CRT_SECURE_NO_WARNINGS. See online help for details.
                 c:\program files (x86)\microsoft visual studio 11.0\vc\include\string.h(110) : see declaration of 'strcpy'
     1>\\fs09d\stu11\home\zhenkusens0654\visual studio 2012\projects\dcommh3\dcommh3\dcommh3.cpp(146): warning C4996: 'strcpy': This function or variable may be unsafe. Consider using strcpy_s instead. To disable deprecation, use _CRT_SECURE_NO_WARNINGS. See online help for details.
                 c:\program files (x86)\microsoft visual studio 11.0\vc\include\string.h(110) : see declaration of 'strcpy'
       Link:
         C:\Program Files (x86)\Microsoft Visual Studio 11.0\VC\bin\link.exe /ERRORREPORT:PROMPT /OUT:"\\fs09d\stu11\Home\zhenkusens0654\Visual Studio 2012\Projects\DCommH3\Debug\DCommH3.exe" /INCREMENTAL /NOLOGO kernel32.lib user32.lib gdi32.lib winspool.lib comdlg32.lib advapi32.lib shell32.lib ole32.lib oleaut32.lib uuid.lib odbc32.lib odbccp32.lib /MANIFEST /MANIFESTUAC:"level='asInvoker' uiAccess='false'" /manifest:embed /DEBUG /PDB:"\\fs09d\stu11\Home\zhenkusens0654\Visual Studio 2012\Projects\DCommH3\Debug\DCommH3.pdb" /SUBSYSTEM:CONSOLE /TLBID:1 /DYNAMICBASE /NXCOMPAT /IMPLIB:"\\fs09d\stu11\Home\zhenkusens0654\Visual Studio 2012\Projects\DCommH3\Debug\DCommH3.lib" /MACHINE:X86 Debug\DCommH3.obj
         Debug\stdafx.obj
         DCommH3.vcxproj -> \\fs09d\stu11\Home\zhenkusens0654\Visual Studio 2012\Projects\DCommH3\Debug\DCommH3.exe
     1>Done Building Project "\\fs09d\stu11\Home\zhenkusens0654\Visual Studio 2012\Projects\DCommH3\DCommH3\DCommH3.vcxproj" (Build target(s)).

Build succeeded.

Time Elapsed 00:00:11.24
