Build started 12/9/2016 11:35:49 AM.
     1>Project "\\fs09d\stu11\Home\zhenkusens0654\Visual Studio 2012\Projects\fml3\fml3\fml3.vcxproj" on node 2 (Build target(s)).
     1>ClCompile:
         C:\Program Files (x86)\Microsoft Visual Studio 11.0\VC\bin\CL.exe /c /ZI /nologo /W3 /WX- /Od /Oy- /D _MBCS /Gm /EHsc /RTC1 /MDd /GS /fp:precise /Zc:wchar_t /Zc:forScope /Fo"Debug\\" /Fd"Debug\vc110.pdb" /Gd /TP /analyze- /errorReport:prompt Functions.cpp
         Functions.cpp
     1>\\fs09d\stu11\home\zhenkusens0654\visual studio 2012\projects\fml3\fml3\header.h(105): warning C4305: 'initializing' : truncation from 'double' to 'float'
     1>\\fs09d\stu11\home\zhenkusens0654\visual studio 2012\projects\fml3\fml3\header.h(106): warning C4305: 'initializing' : truncation from 'double' to 'float'
     1>\\fs09d\stu11\home\zhenkusens0654\visual studio 2012\projects\fml3\fml3\header.h(107): warning C4305: 'initializing' : truncation from 'double' to 'float'
     1>\\fs09d\stu11\home\zhenkusens0654\visual studio 2012\projects\fml3\fml3\header.h(108): warning C4305: 'initializing' : truncation from 'double' to 'float'
     1>\\fs09d\stu11\home\zhenkusens0654\visual studio 2012\projects\fml3\fml3\header.h(109): warning C4305: 'initializing' : truncation from 'double' to 'float'
     1>\\fs09d\stu11\home\zhenkusens0654\visual studio 2012\projects\fml3\fml3\header.h(110): warning C4305: 'initializing' : truncation from 'double' to 'float'
     1>\\fs09d\stu11\home\zhenkusens0654\visual studio 2012\projects\fml3\fml3\header.h(111): warning C4305: 'initializing' : truncation from 'double' to 'float'
     1>\\fs09d\stu11\home\zhenkusens0654\visual studio 2012\projects\fml3\fml3\header.h(112): warning C4305: 'initializing' : truncation from 'double' to 'float'
     1>\\fs09d\stu11\home\zhenkusens0654\visual studio 2012\projects\fml3\fml3\header.h(113): warning C4305: 'initializing' : truncation from 'double' to 'float'
     1>\\fs09d\stu11\home\zhenkusens0654\visual studio 2012\projects\fml3\fml3\functions.cpp(495): warning C4101: 'intTemp' : unreferenced local variable
       Link:
         C:\Program Files (x86)\Microsoft Visual Studio 11.0\VC\bin\link.exe /ERRORREPORT:PROMPT /OUT:"\\fs09d\stu11\Home\zhenkusens0654\Visual Studio 2012\Projects\fml3\Debug\fml3.exe" /INCREMENTAL /NOLOGO kernel32.lib user32.lib gdi32.lib winspool.lib comdlg32.lib advapi32.lib shell32.lib ole32.lib oleaut32.lib uuid.lib odbc32.lib odbccp32.lib /MANIFEST /MANIFESTUAC:"level='asInvoker' uiAccess='false'" /manifest:embed /DEBUG /PDB:"\\fs09d\stu11\Home\zhenkusens0654\Visual Studio 2012\Projects\fml3\Debug\fml3.pdb" /TLBID:1 /DYNAMICBASE /NXCOMPAT /IMPLIB:"\\fs09d\stu11\Home\zhenkusens0654\Visual Studio 2012\Projects\fml3\Debug\fml3.lib" /MACHINE:X86 Debug\AudFunctions.obj
         Debug\CommFunctions.obj
         Debug\Functions.obj
         Debug\Main.obj
         fml3.vcxproj -> \\fs09d\stu11\Home\zhenkusens0654\Visual Studio 2012\Projects\fml3\Debug\fml3.exe
     1>Done Building Project "\\fs09d\stu11\Home\zhenkusens0654\Visual Studio 2012\Projects\fml3\fml3\fml3.vcxproj" (Build target(s)).

Build succeeded.

Time Elapsed 00:00:03.01
