Build started 12/2/2016 4:23:53 PM.
     1>Project "\\fs09d\stu11\Home\zhenkusens0654\visual studio 2012\Projects\fml\fml\fml.vcxproj" on node 2 (Build target(s)).
     1>ClCompile:
         C:\Program Files (x86)\Microsoft Visual Studio 11.0\VC\bin\CL.exe /c /ZI /nologo /W3 /WX- /Od /Oy- /D _MBCS /Gm /EHsc /RTC1 /MDd /GS /fp:precise /Zc:wchar_t /Zc:forScope /Fo"Debug\\" /Fd"Debug\vc110.pdb" /Gd /TP /analyze- /errorReport:prompt CommFunctions.cpp
         CommFunctions.cpp
     1>\\fs09d\stu11\home\zhenkusens0654\visual studio 2012\projects\fml\fml\header.h(93): warning C4305: 'initializing' : truncation from 'double' to 'float'
     1>\\fs09d\stu11\home\zhenkusens0654\visual studio 2012\projects\fml\fml\header.h(94): warning C4305: 'initializing' : truncation from 'double' to 'float'
     1>\\fs09d\stu11\home\zhenkusens0654\visual studio 2012\projects\fml\fml\header.h(95): warning C4305: 'initializing' : truncation from 'double' to 'float'
     1>\\fs09d\stu11\home\zhenkusens0654\visual studio 2012\projects\fml\fml\header.h(96): warning C4305: 'initializing' : truncation from 'double' to 'float'
     1>\\fs09d\stu11\home\zhenkusens0654\visual studio 2012\projects\fml\fml\header.h(97): warning C4305: 'initializing' : truncation from 'double' to 'float'
     1>\\fs09d\stu11\home\zhenkusens0654\visual studio 2012\projects\fml\fml\header.h(98): warning C4305: 'initializing' : truncation from 'double' to 'float'
     1>\\fs09d\stu11\home\zhenkusens0654\visual studio 2012\projects\fml\fml\header.h(99): warning C4305: 'initializing' : truncation from 'double' to 'float'
     1>\\fs09d\stu11\home\zhenkusens0654\visual studio 2012\projects\fml\fml\header.h(100): warning C4305: 'initializing' : truncation from 'double' to 'float'
     1>\\fs09d\stu11\home\zhenkusens0654\visual studio 2012\projects\fml\fml\header.h(101): warning C4305: 'initializing' : truncation from 'double' to 'float'
     1>\\fs09d\stu11\home\zhenkusens0654\visual studio 2012\projects\fml\fml\commfunctions.cpp(208): warning C4305: '=' : truncation from 'int' to 'BYTE'
     1>\\fs09d\stu11\home\zhenkusens0654\visual studio 2012\projects\fml\fml\commfunctions.cpp(208): warning C4309: '=' : truncation of constant value
     1>\\fs09d\stu11\home\zhenkusens0654\visual studio 2012\projects\fml\fml\commfunctions.cpp(209): warning C4305: '=' : truncation from 'int' to 'BYTE'
     1>\\fs09d\stu11\home\zhenkusens0654\visual studio 2012\projects\fml\fml\commfunctions.cpp(209): warning C4309: '=' : truncation of constant value
     1>\\fs09d\stu11\home\zhenkusens0654\visual studio 2012\projects\fml\fml\commfunctions.cpp(210): warning C4305: '=' : truncation from 'int' to 'BYTE'
     1>\\fs09d\stu11\home\zhenkusens0654\visual studio 2012\projects\fml\fml\commfunctions.cpp(210): warning C4309: '=' : truncation of constant value
     1>\\fs09d\stu11\home\zhenkusens0654\visual studio 2012\projects\fml\fml\commfunctions.cpp(247): warning C4244: '=' : conversion from 'short' to 'char', possible loss of data
     1>\\fs09d\stu11\home\zhenkusens0654\visual studio 2012\projects\fml\fml\commfunctions.cpp(253): warning C4305: '=' : truncation from 'int' to 'BYTE'
     1>\\fs09d\stu11\home\zhenkusens0654\visual studio 2012\projects\fml\fml\commfunctions.cpp(253): warning C4309: '=' : truncation of constant value
     1>\\fs09d\stu11\home\zhenkusens0654\visual studio 2012\projects\fml\fml\commfunctions.cpp(254): warning C4305: '=' : truncation from 'int' to 'BYTE'
     1>\\fs09d\stu11\home\zhenkusens0654\visual studio 2012\projects\fml\fml\commfunctions.cpp(254): warning C4309: '=' : truncation of constant value
     1>\\fs09d\stu11\home\zhenkusens0654\visual studio 2012\projects\fml\fml\commfunctions.cpp(255): warning C4305: '=' : truncation from 'int' to 'BYTE'
     1>\\fs09d\stu11\home\zhenkusens0654\visual studio 2012\projects\fml\fml\commfunctions.cpp(255): warning C4309: '=' : truncation of constant value
     1>\\fs09d\stu11\home\zhenkusens0654\visual studio 2012\projects\fml\fml\commfunctions.cpp(280): warning C4305: '=' : truncation from 'int' to 'BYTE'
     1>\\fs09d\stu11\home\zhenkusens0654\visual studio 2012\projects\fml\fml\commfunctions.cpp(280): warning C4309: '=' : truncation of constant value
     1>\\fs09d\stu11\home\zhenkusens0654\visual studio 2012\projects\fml\fml\commfunctions.cpp(281): warning C4305: '=' : truncation from 'int' to 'BYTE'
     1>\\fs09d\stu11\home\zhenkusens0654\visual studio 2012\projects\fml\fml\commfunctions.cpp(281): warning C4309: '=' : truncation of constant value
     1>\\fs09d\stu11\home\zhenkusens0654\visual studio 2012\projects\fml\fml\commfunctions.cpp(282): warning C4305: '=' : truncation from 'int' to 'BYTE'
     1>\\fs09d\stu11\home\zhenkusens0654\visual studio 2012\projects\fml\fml\commfunctions.cpp(282): warning C4309: '=' : truncation of constant value
     1>\\fs09d\stu11\home\zhenkusens0654\visual studio 2012\projects\fml\fml\commfunctions.cpp(183): warning C4101: 'msgIn' : unreferenced local variable
     1>\\fs09d\stu11\home\zhenkusens0654\visual studio 2012\projects\fml\fml\commfunctions.cpp(357): warning C4101: 'msgIn' : unreferenced local variable
     1>\\fs09d\stu11\home\zhenkusens0654\visual studio 2012\projects\fml\fml\commfunctions.cpp(356): warning C4101: 'msgOut' : unreferenced local variable
       Link:
         C:\Program Files (x86)\Microsoft Visual Studio 11.0\VC\bin\link.exe /ERRORREPORT:PROMPT /OUT:"\\fs09d\stu11\Home\zhenkusens0654\visual studio 2012\Projects\fml\Debug\fml.exe" /INCREMENTAL /NOLOGO kernel32.lib user32.lib gdi32.lib winspool.lib comdlg32.lib advapi32.lib shell32.lib ole32.lib oleaut32.lib uuid.lib odbc32.lib odbccp32.lib /MANIFEST /MANIFESTUAC:"level='asInvoker' uiAccess='false'" /manifest:embed /DEBUG /PDB:"\\fs09d\stu11\Home\zhenkusens0654\visual studio 2012\Projects\fml\Debug\fml.pdb" /TLBID:1 /DYNAMICBASE /NXCOMPAT /IMPLIB:"\\fs09d\stu11\Home\zhenkusens0654\visual studio 2012\Projects\fml\Debug\fml.lib" /MACHINE:X86 Debug\AudFunctions.obj
         Debug\CommFunctions.obj
         Debug\Functions.obj
         Debug\Main.obj
         fml.vcxproj -> \\fs09d\stu11\Home\zhenkusens0654\visual studio 2012\Projects\fml\Debug\fml.exe
     1>Done Building Project "\\fs09d\stu11\Home\zhenkusens0654\visual studio 2012\Projects\fml\fml\fml.vcxproj" (Build target(s)).

Build succeeded.

Time Elapsed 00:00:02.28
