Build started 6/27/2018 1:42:20 PM.
     1>Project "\\fs09d\stu11\Home\zhenkusens0654\Visual Studio 2012\Projects\DCommHmwrk3-Server\DCommHmwrk3-Server\DCommHmwrk3-Server.vcxproj" on node 2 (Build target(s)).
     1>ClCompile:
         C:\Program Files (x86)\Microsoft Visual Studio 11.0\VC\bin\CL.exe /c /ZI /nologo /W3 /WX- /sdl- /Od /Oy- /D WIN32 /D _DEBUG /D _CONSOLE /D _UNICODE /D UNICODE /Gm /EHsc /RTC1 /MDd /GS /fp:precise /Zc:wchar_t /Zc:forScope /Yu"stdafx.h" /Fp"Debug\DCommHmwrk3-Server.pch" /Fo"Debug\\" /Fd"Debug\vc110.pdb" /Gd /TP /analyze- /errorReport:prompt "DCommHmwrk3-Server.cpp"
         DCommHmwrk3-Server.cpp
     1>\\fs09d\stu11\home\zhenkusens0654\visual studio 2012\projects\dcommhmwrk3-server\dcommhmwrk3-server\dcommhmwrk3-server.cpp(5): warning C4627: '#include <stdlib.h>': skipped when looking for precompiled header use
                 Add directive to 'stdafx.h' or rebuild precompiled header
     1>\\fs09d\stu11\home\zhenkusens0654\visual studio 2012\projects\dcommhmwrk3-server\dcommhmwrk3-server\dcommhmwrk3-server.cpp(35): warning C4996: 'getch': The POSIX name for this item is deprecated. Instead, use the ISO C++ conformant name: _getch. See online help for details.
                 c:\program files (x86)\microsoft visual studio 11.0\vc\include\conio.h(131) : see declaration of 'getch'
     1>\\fs09d\stu11\home\zhenkusens0654\visual studio 2012\projects\dcommhmwrk3-server\dcommhmwrk3-server\dcommhmwrk3-server.cpp(43): warning C4996: 'gets': This function or variable may be unsafe. Consider using gets_s instead. To disable deprecation, use _CRT_SECURE_NO_WARNINGS. See online help for details.
                 c:\program files (x86)\microsoft visual studio 11.0\vc\include\stdio.h(261) : see declaration of 'gets'
     1>\\fs09d\stu11\home\zhenkusens0654\visual studio 2012\projects\dcommhmwrk3-server\dcommhmwrk3-server\dcommhmwrk3-server.cpp(47): warning C4996: 'gets': This function or variable may be unsafe. Consider using gets_s instead. To disable deprecation, use _CRT_SECURE_NO_WARNINGS. See online help for details.
                 c:\program files (x86)\microsoft visual studio 11.0\vc\include\stdio.h(261) : see declaration of 'gets'
     1>\\fs09d\stu11\home\zhenkusens0654\visual studio 2012\projects\dcommhmwrk3-server\dcommhmwrk3-server\dcommhmwrk3-server.cpp(109): warning C4996: 'fopen': This function or variable may be unsafe. Consider using fopen_s instead. To disable deprecation, use _CRT_SECURE_NO_WARNINGS. See online help for details.
                 c:\program files (x86)\microsoft visual studio 11.0\vc\include\stdio.h(218) : see declaration of 'fopen'
       Link:
         C:\Program Files (x86)\Microsoft Visual Studio 11.0\VC\bin\link.exe /ERRORREPORT:PROMPT /OUT:"\\fs09d\stu11\Home\zhenkusens0654\Visual Studio 2012\Projects\DCommHmwrk3-Server\Debug\DCommHmwrk3-Server.exe" /INCREMENTAL /NOLOGO kernel32.lib user32.lib gdi32.lib winspool.lib comdlg32.lib advapi32.lib shell32.lib ole32.lib oleaut32.lib uuid.lib odbc32.lib odbccp32.lib /MANIFEST /MANIFESTUAC:"level='asInvoker' uiAccess='false'" /manifest:embed /DEBUG /PDB:"\\fs09d\stu11\Home\zhenkusens0654\Visual Studio 2012\Projects\DCommHmwrk3-Server\Debug\DCommHmwrk3-Server.pdb" /SUBSYSTEM:CONSOLE /TLBID:1 /DYNAMICBASE /NXCOMPAT /IMPLIB:"\\fs09d\stu11\Home\zhenkusens0654\Visual Studio 2012\Projects\DCommHmwrk3-Server\Debug\DCommHmwrk3-Server.lib" /MACHINE:X86 "Debug\DCommHmwrk3-Server.obj"
         Debug\stdafx.obj
         DCommHmwrk3-Server.vcxproj -> \\fs09d\stu11\Home\zhenkusens0654\Visual Studio 2012\Projects\DCommHmwrk3-Server\Debug\DCommHmwrk3-Server.exe
     1>Done Building Project "\\fs09d\stu11\Home\zhenkusens0654\Visual Studio 2012\Projects\DCommHmwrk3-Server\DCommHmwrk3-Server\DCommHmwrk3-Server.vcxproj" (Build target(s)).

Build succeeded.

Time Elapsed 00:00:10.79
