Build started 12/9/2016 12:48:40 PM.
     1>Project "\\fs09d\stu11\Home\zhenkusens0654\Visual Studio 2012\Projects\fml2\fml2\fml2.vcxproj" on node 2 (Build target(s)).
     1>ClCompile:
         C:\Program Files (x86)\Microsoft Visual Studio 11.0\VC\bin\CL.exe /c /ZI /nologo /W3 /WX- /Od /Oy- /D _MBCS /Gm /EHsc /RTC1 /MDd /GS /fp:precise /Zc:wchar_t /Zc:forScope /Fo"Debug\\" /Fd"Debug\vc110.pdb" /Gd /TP /analyze- /errorReport:prompt AudFunctions.cpp CommFunctions.cpp Functions.cpp Main.cpp
         Functions.cpp
     1>\\fs09d\stu11\home\zhenkusens0654\visual studio 2012\projects\fml2\fml2\header.h(108): warning C4305: 'initializing' : truncation from 'double' to 'float'
     1>\\fs09d\stu11\home\zhenkusens0654\visual studio 2012\projects\fml2\fml2\header.h(109): warning C4305: 'initializing' : truncation from 'double' to 'float'
     1>\\fs09d\stu11\home\zhenkusens0654\visual studio 2012\projects\fml2\fml2\header.h(110): warning C4305: 'initializing' : truncation from 'double' to 'float'
     1>\\fs09d\stu11\home\zhenkusens0654\visual studio 2012\projects\fml2\fml2\header.h(111): warning C4305: 'initializing' : truncation from 'double' to 'float'
     1>\\fs09d\stu11\home\zhenkusens0654\visual studio 2012\projects\fml2\fml2\header.h(112): warning C4305: 'initializing' : truncation from 'double' to 'float'
     1>\\fs09d\stu11\home\zhenkusens0654\visual studio 2012\projects\fml2\fml2\header.h(113): warning C4305: 'initializing' : truncation from 'double' to 'float'
     1>\\fs09d\stu11\home\zhenkusens0654\visual studio 2012\projects\fml2\fml2\header.h(114): warning C4305: 'initializing' : truncation from 'double' to 'float'
     1>\\fs09d\stu11\home\zhenkusens0654\visual studio 2012\projects\fml2\fml2\header.h(115): warning C4305: 'initializing' : truncation from 'double' to 'float'
     1>\\fs09d\stu11\home\zhenkusens0654\visual studio 2012\projects\fml2\fml2\header.h(116): warning C4305: 'initializing' : truncation from 'double' to 'float'
     1>\\fs09d\stu11\home\zhenkusens0654\visual studio 2012\projects\fml2\fml2\functions.cpp(559): warning C4101: 'intTemp' : unreferenced local variable
         CommFunctions.cpp
     1>\\fs09d\stu11\home\zhenkusens0654\visual studio 2012\projects\fml2\fml2\header.h(108): warning C4305: 'initializing' : truncation from 'double' to 'float'
     1>\\fs09d\stu11\home\zhenkusens0654\visual studio 2012\projects\fml2\fml2\header.h(109): warning C4305: 'initializing' : truncation from 'double' to 'float'
     1>\\fs09d\stu11\home\zhenkusens0654\visual studio 2012\projects\fml2\fml2\header.h(110): warning C4305: 'initializing' : truncation from 'double' to 'float'
     1>\\fs09d\stu11\home\zhenkusens0654\visual studio 2012\projects\fml2\fml2\header.h(111): warning C4305: 'initializing' : truncation from 'double' to 'float'
     1>\\fs09d\stu11\home\zhenkusens0654\visual studio 2012\projects\fml2\fml2\header.h(112): warning C4305: 'initializing' : truncation from 'double' to 'float'
     1>\\fs09d\stu11\home\zhenkusens0654\visual studio 2012\projects\fml2\fml2\header.h(113): warning C4305: 'initializing' : truncation from 'double' to 'float'
     1>\\fs09d\stu11\home\zhenkusens0654\visual studio 2012\projects\fml2\fml2\header.h(114): warning C4305: 'initializing' : truncation from 'double' to 'float'
     1>\\fs09d\stu11\home\zhenkusens0654\visual studio 2012\projects\fml2\fml2\header.h(115): warning C4305: 'initializing' : truncation from 'double' to 'float'
     1>\\fs09d\stu11\home\zhenkusens0654\visual studio 2012\projects\fml2\fml2\header.h(116): warning C4305: 'initializing' : truncation from 'double' to 'float'
     1>\\fs09d\stu11\home\zhenkusens0654\visual studio 2012\projects\fml2\fml2\commfunctions.cpp(288): warning C4244: '=' : conversion from 'short' to 'char', possible loss of data
     1>\\fs09d\stu11\home\zhenkusens0654\visual studio 2012\projects\fml2\fml2\commfunctions.cpp(185): warning C4101: 'msgIn' : unreferenced local variable
     1>\\fs09d\stu11\home\zhenkusens0654\visual studio 2012\projects\fml2\fml2\commfunctions.cpp(482): warning C4101: 'msgIn' : unreferenced local variable
     1>\\fs09d\stu11\home\zhenkusens0654\visual studio 2012\projects\fml2\fml2\commfunctions.cpp(481): warning C4101: 'msgOut' : unreferenced local variable
         Generating Code...
         Compiling...
         Main.cpp
     1>\\fs09d\stu11\home\zhenkusens0654\visual studio 2012\projects\fml2\fml2\header.h(108): warning C4305: 'initializing' : truncation from 'double' to 'float'
     1>\\fs09d\stu11\home\zhenkusens0654\visual studio 2012\projects\fml2\fml2\header.h(109): warning C4305: 'initializing' : truncation from 'double' to 'float'
     1>\\fs09d\stu11\home\zhenkusens0654\visual studio 2012\projects\fml2\fml2\header.h(110): warning C4305: 'initializing' : truncation from 'double' to 'float'
     1>\\fs09d\stu11\home\zhenkusens0654\visual studio 2012\projects\fml2\fml2\header.h(111): warning C4305: 'initializing' : truncation from 'double' to 'float'
     1>\\fs09d\stu11\home\zhenkusens0654\visual studio 2012\projects\fml2\fml2\header.h(112): warning C4305: 'initializing' : truncation from 'double' to 'float'
     1>\\fs09d\stu11\home\zhenkusens0654\visual studio 2012\projects\fml2\fml2\header.h(113): warning C4305: 'initializing' : truncation from 'double' to 'float'
     1>\\fs09d\stu11\home\zhenkusens0654\visual studio 2012\projects\fml2\fml2\header.h(114): warning C4305: 'initializing' : truncation from 'double' to 'float'
     1>\\fs09d\stu11\home\zhenkusens0654\visual studio 2012\projects\fml2\fml2\header.h(115): warning C4305: 'initializing' : truncation from 'double' to 'float'
     1>\\fs09d\stu11\home\zhenkusens0654\visual studio 2012\projects\fml2\fml2\header.h(116): warning C4305: 'initializing' : truncation from 'double' to 'float'
     1>\\fs09d\stu11\home\zhenkusens0654\visual studio 2012\projects\fml2\fml2\main.cpp(10): warning C4101: 'Buf' : unreferenced local variable
         AudFunctions.cpp
     1>\\fs09d\stu11\home\zhenkusens0654\visual studio 2012\projects\fml2\fml2\header.h(108): warning C4305: 'initializing' : truncation from 'double' to 'float'
     1>\\fs09d\stu11\home\zhenkusens0654\visual studio 2012\projects\fml2\fml2\header.h(109): warning C4305: 'initializing' : truncation from 'double' to 'float'
     1>\\fs09d\stu11\home\zhenkusens0654\visual studio 2012\projects\fml2\fml2\header.h(110): warning C4305: 'initializing' : truncation from 'double' to 'float'
     1>\\fs09d\stu11\home\zhenkusens0654\visual studio 2012\projects\fml2\fml2\header.h(111): warning C4305: 'initializing' : truncation from 'double' to 'float'
     1>\\fs09d\stu11\home\zhenkusens0654\visual studio 2012\projects\fml2\fml2\header.h(112): warning C4305: 'initializing' : truncation from 'double' to 'float'
     1>\\fs09d\stu11\home\zhenkusens0654\visual studio 2012\projects\fml2\fml2\header.h(113): warning C4305: 'initializing' : truncation from 'double' to 'float'
     1>\\fs09d\stu11\home\zhenkusens0654\visual studio 2012\projects\fml2\fml2\header.h(114): warning C4305: 'initializing' : truncation from 'double' to 'float'
     1>\\fs09d\stu11\home\zhenkusens0654\visual studio 2012\projects\fml2\fml2\header.h(115): warning C4305: 'initializing' : truncation from 'double' to 'float'
     1>\\fs09d\stu11\home\zhenkusens0654\visual studio 2012\projects\fml2\fml2\header.h(116): warning C4305: 'initializing' : truncation from 'double' to 'float'
         Generating Code...
       Link:
         C:\Program Files (x86)\Microsoft Visual Studio 11.0\VC\bin\link.exe /ERRORREPORT:PROMPT /OUT:"\\fs09d\stu11\Home\zhenkusens0654\Visual Studio 2012\Projects\fml2\Debug\fml2.exe" /INCREMENTAL /NOLOGO kernel32.lib user32.lib gdi32.lib winspool.lib comdlg32.lib advapi32.lib shell32.lib ole32.lib oleaut32.lib uuid.lib odbc32.lib odbccp32.lib /MANIFEST /MANIFESTUAC:"level='asInvoker' uiAccess='false'" /manifest:embed /DEBUG /PDB:"\\fs09d\stu11\Home\zhenkusens0654\Visual Studio 2012\Projects\fml2\Debug\fml2.pdb" /TLBID:1 /DYNAMICBASE /NXCOMPAT /IMPLIB:"\\fs09d\stu11\Home\zhenkusens0654\Visual Studio 2012\Projects\fml2\Debug\fml2.lib" /MACHINE:X86 Debug\AudFunctions.obj
         Debug\CommFunctions.obj
         Debug\Functions.obj
         Debug\Main.obj
         fml2.vcxproj -> \\fs09d\stu11\Home\zhenkusens0654\Visual Studio 2012\Projects\fml2\Debug\fml2.exe
     1>Done Building Project "\\fs09d\stu11\Home\zhenkusens0654\Visual Studio 2012\Projects\fml2\fml2\fml2.vcxproj" (Build target(s)).

Build succeeded.

Time Elapsed 00:00:08.43
