Build started 11/24/2016 11:39:09 AM.
     1>Project "\\fs09d\stu11\Home\zhenkusens0654\visual studio 2012\Projects\Project 2 Interface V1\Project 2 Interface V1\Project 2 Interface V1.vcxproj" on node 2 (Build target(s)).
     1>ClCompile:
         C:\Program Files (x86)\Microsoft Visual Studio 11.0\VC\bin\CL.exe /c /ZI /nologo /W3 /WX- /Od /Oy- /D _MBCS /Gm /EHsc /RTC1 /MDd /GS /fp:precise /Zc:wchar_t /Zc:forScope /Fo"Debug\\" /Fd"Debug\vc110.pdb" /Gd /TP /analyze- /errorReport:prompt AudFunctions.cpp CommFunctions.cpp Functions.cpp Main.cpp
         AudFunctions.cpp
     1>\\fs09d\stu11\home\zhenkusens0654\visual studio 2012\projects\project 2 interface v1\project 2 interface v1\header.h(88): warning C4305: 'initializing' : truncation from 'double' to 'float'
     1>\\fs09d\stu11\home\zhenkusens0654\visual studio 2012\projects\project 2 interface v1\project 2 interface v1\header.h(89): warning C4305: 'initializing' : truncation from 'double' to 'float'
     1>\\fs09d\stu11\home\zhenkusens0654\visual studio 2012\projects\project 2 interface v1\project 2 interface v1\header.h(90): warning C4305: 'initializing' : truncation from 'double' to 'float'
     1>\\fs09d\stu11\home\zhenkusens0654\visual studio 2012\projects\project 2 interface v1\project 2 interface v1\header.h(91): warning C4305: 'initializing' : truncation from 'double' to 'float'
     1>\\fs09d\stu11\home\zhenkusens0654\visual studio 2012\projects\project 2 interface v1\project 2 interface v1\header.h(92): warning C4305: 'initializing' : truncation from 'double' to 'float'
     1>\\fs09d\stu11\home\zhenkusens0654\visual studio 2012\projects\project 2 interface v1\project 2 interface v1\header.h(93): warning C4305: 'initializing' : truncation from 'double' to 'float'
     1>\\fs09d\stu11\home\zhenkusens0654\visual studio 2012\projects\project 2 interface v1\project 2 interface v1\header.h(94): warning C4305: 'initializing' : truncation from 'double' to 'float'
     1>\\fs09d\stu11\home\zhenkusens0654\visual studio 2012\projects\project 2 interface v1\project 2 interface v1\header.h(95): warning C4305: 'initializing' : truncation from 'double' to 'float'
     1>\\fs09d\stu11\home\zhenkusens0654\visual studio 2012\projects\project 2 interface v1\project 2 interface v1\header.h(96): warning C4305: 'initializing' : truncation from 'double' to 'float'
         Generating Code...
         Compiling...
         Main.cpp
     1>\\fs09d\stu11\home\zhenkusens0654\visual studio 2012\projects\project 2 interface v1\project 2 interface v1\header.h(88): warning C4305: 'initializing' : truncation from 'double' to 'float'
     1>\\fs09d\stu11\home\zhenkusens0654\visual studio 2012\projects\project 2 interface v1\project 2 interface v1\header.h(89): warning C4305: 'initializing' : truncation from 'double' to 'float'
     1>\\fs09d\stu11\home\zhenkusens0654\visual studio 2012\projects\project 2 interface v1\project 2 interface v1\header.h(90): warning C4305: 'initializing' : truncation from 'double' to 'float'
     1>\\fs09d\stu11\home\zhenkusens0654\visual studio 2012\projects\project 2 interface v1\project 2 interface v1\header.h(91): warning C4305: 'initializing' : truncation from 'double' to 'float'
     1>\\fs09d\stu11\home\zhenkusens0654\visual studio 2012\projects\project 2 interface v1\project 2 interface v1\header.h(92): warning C4305: 'initializing' : truncation from 'double' to 'float'
     1>\\fs09d\stu11\home\zhenkusens0654\visual studio 2012\projects\project 2 interface v1\project 2 interface v1\header.h(93): warning C4305: 'initializing' : truncation from 'double' to 'float'
     1>\\fs09d\stu11\home\zhenkusens0654\visual studio 2012\projects\project 2 interface v1\project 2 interface v1\header.h(94): warning C4305: 'initializing' : truncation from 'double' to 'float'
     1>\\fs09d\stu11\home\zhenkusens0654\visual studio 2012\projects\project 2 interface v1\project 2 interface v1\header.h(95): warning C4305: 'initializing' : truncation from 'double' to 'float'
     1>\\fs09d\stu11\home\zhenkusens0654\visual studio 2012\projects\project 2 interface v1\project 2 interface v1\header.h(96): warning C4305: 'initializing' : truncation from 'double' to 'float'
     1>\\fs09d\stu11\home\zhenkusens0654\visual studio 2012\projects\project 2 interface v1\project 2 interface v1\main.cpp(10): warning C4101: 'Buf' : unreferenced local variable
         Functions.cpp
     1>\\fs09d\stu11\home\zhenkusens0654\visual studio 2012\projects\project 2 interface v1\project 2 interface v1\header.h(88): warning C4305: 'initializing' : truncation from 'double' to 'float'
     1>\\fs09d\stu11\home\zhenkusens0654\visual studio 2012\projects\project 2 interface v1\project 2 interface v1\header.h(89): warning C4305: 'initializing' : truncation from 'double' to 'float'
     1>\\fs09d\stu11\home\zhenkusens0654\visual studio 2012\projects\project 2 interface v1\project 2 interface v1\header.h(90): warning C4305: 'initializing' : truncation from 'double' to 'float'
     1>\\fs09d\stu11\home\zhenkusens0654\visual studio 2012\projects\project 2 interface v1\project 2 interface v1\header.h(91): warning C4305: 'initializing' : truncation from 'double' to 'float'
     1>\\fs09d\stu11\home\zhenkusens0654\visual studio 2012\projects\project 2 interface v1\project 2 interface v1\header.h(92): warning C4305: 'initializing' : truncation from 'double' to 'float'
     1>\\fs09d\stu11\home\zhenkusens0654\visual studio 2012\projects\project 2 interface v1\project 2 interface v1\header.h(93): warning C4305: 'initializing' : truncation from 'double' to 'float'
     1>\\fs09d\stu11\home\zhenkusens0654\visual studio 2012\projects\project 2 interface v1\project 2 interface v1\header.h(94): warning C4305: 'initializing' : truncation from 'double' to 'float'
     1>\\fs09d\stu11\home\zhenkusens0654\visual studio 2012\projects\project 2 interface v1\project 2 interface v1\header.h(95): warning C4305: 'initializing' : truncation from 'double' to 'float'
     1>\\fs09d\stu11\home\zhenkusens0654\visual studio 2012\projects\project 2 interface v1\project 2 interface v1\header.h(96): warning C4305: 'initializing' : truncation from 'double' to 'float'
         CommFunctions.cpp
     1>\\fs09d\stu11\home\zhenkusens0654\visual studio 2012\projects\project 2 interface v1\project 2 interface v1\header.h(88): warning C4305: 'initializing' : truncation from 'double' to 'float'
     1>\\fs09d\stu11\home\zhenkusens0654\visual studio 2012\projects\project 2 interface v1\project 2 interface v1\header.h(89): warning C4305: 'initializing' : truncation from 'double' to 'float'
     1>\\fs09d\stu11\home\zhenkusens0654\visual studio 2012\projects\project 2 interface v1\project 2 interface v1\header.h(90): warning C4305: 'initializing' : truncation from 'double' to 'float'
     1>\\fs09d\stu11\home\zhenkusens0654\visual studio 2012\projects\project 2 interface v1\project 2 interface v1\header.h(91): warning C4305: 'initializing' : truncation from 'double' to 'float'
     1>\\fs09d\stu11\home\zhenkusens0654\visual studio 2012\projects\project 2 interface v1\project 2 interface v1\header.h(92): warning C4305: 'initializing' : truncation from 'double' to 'float'
     1>\\fs09d\stu11\home\zhenkusens0654\visual studio 2012\projects\project 2 interface v1\project 2 interface v1\header.h(93): warning C4305: 'initializing' : truncation from 'double' to 'float'
     1>\\fs09d\stu11\home\zhenkusens0654\visual studio 2012\projects\project 2 interface v1\project 2 interface v1\header.h(94): warning C4305: 'initializing' : truncation from 'double' to 'float'
     1>\\fs09d\stu11\home\zhenkusens0654\visual studio 2012\projects\project 2 interface v1\project 2 interface v1\header.h(95): warning C4305: 'initializing' : truncation from 'double' to 'float'
     1>\\fs09d\stu11\home\zhenkusens0654\visual studio 2012\projects\project 2 interface v1\project 2 interface v1\header.h(96): warning C4305: 'initializing' : truncation from 'double' to 'float'
         Generating Code...
       Link:
         C:\Program Files (x86)\Microsoft Visual Studio 11.0\VC\bin\link.exe /ERRORREPORT:PROMPT /OUT:"\\fs09d\stu11\home\zhenkusens0654\visual studio 2012\Projects\Project 2 Interface V1\Debug\Project 2 Interface V1.exe" /INCREMENTAL /NOLOGO kernel32.lib user32.lib gdi32.lib winspool.lib comdlg32.lib advapi32.lib shell32.lib ole32.lib oleaut32.lib uuid.lib odbc32.lib odbccp32.lib /MANIFEST /MANIFESTUAC:"level='asInvoker' uiAccess='false'" /manifest:embed /DEBUG /PDB:"\\fs09d\stu11\home\zhenkusens0654\visual studio 2012\Projects\Project 2 Interface V1\Debug\Project 2 Interface V1.pdb" /TLBID:1 /DYNAMICBASE /NXCOMPAT /IMPLIB:"\\fs09d\stu11\home\zhenkusens0654\visual studio 2012\Projects\Project 2 Interface V1\Debug\Project 2 Interface V1.lib" /MACHINE:X86 Debug\AudFunctions.obj
         Debug\CommFunctions.obj
         Debug\Functions.obj
         Debug\Main.obj
         Project 2 Interface V1.vcxproj -> \\fs09d\stu11\home\zhenkusens0654\visual studio 2012\Projects\Project 2 Interface V1\Debug\Project 2 Interface V1.exe
     1>Done Building Project "\\fs09d\stu11\Home\zhenkusens0654\visual studio 2012\Projects\Project 2 Interface V1\Project 2 Interface V1\Project 2 Interface V1.vcxproj" (Build target(s)).

Build succeeded.

Time Elapsed 00:00:07.00
