Build started 12/2/2016 10:09:27 AM.
     1>Project "\\fs09d\stu11\Home\zhenkusens0654\visual studio 2012\Projects\Project2Intv1b\Project2Intv1b\Project2Intv1b.vcxproj" on node 2 (Build target(s)).
     1>ClCompile:
         C:\Program Files (x86)\Microsoft Visual Studio 11.0\VC\bin\CL.exe /c /ZI /nologo /W3 /WX- /Od /Oy- /D _MBCS /Gm /EHsc /RTC1 /MDd /GS /fp:precise /Zc:wchar_t /Zc:forScope /Fo"Debug\\" /Fd"Debug\vc110.pdb" /Gd /TP /analyze- /errorReport:prompt CommFunctions.cpp
         CommFunctions.cpp
     1>\\fs09d\stu11\home\zhenkusens0654\visual studio 2012\projects\project2intv1b\project2intv1b\header.h(89): warning C4305: 'initializing' : truncation from 'double' to 'float'
     1>\\fs09d\stu11\home\zhenkusens0654\visual studio 2012\projects\project2intv1b\project2intv1b\header.h(90): warning C4305: 'initializing' : truncation from 'double' to 'float'
     1>\\fs09d\stu11\home\zhenkusens0654\visual studio 2012\projects\project2intv1b\project2intv1b\header.h(91): warning C4305: 'initializing' : truncation from 'double' to 'float'
     1>\\fs09d\stu11\home\zhenkusens0654\visual studio 2012\projects\project2intv1b\project2intv1b\header.h(92): warning C4305: 'initializing' : truncation from 'double' to 'float'
     1>\\fs09d\stu11\home\zhenkusens0654\visual studio 2012\projects\project2intv1b\project2intv1b\header.h(93): warning C4305: 'initializing' : truncation from 'double' to 'float'
     1>\\fs09d\stu11\home\zhenkusens0654\visual studio 2012\projects\project2intv1b\project2intv1b\header.h(94): warning C4305: 'initializing' : truncation from 'double' to 'float'
     1>\\fs09d\stu11\home\zhenkusens0654\visual studio 2012\projects\project2intv1b\project2intv1b\header.h(95): warning C4305: 'initializing' : truncation from 'double' to 'float'
     1>\\fs09d\stu11\home\zhenkusens0654\visual studio 2012\projects\project2intv1b\project2intv1b\header.h(96): warning C4305: 'initializing' : truncation from 'double' to 'float'
     1>\\fs09d\stu11\home\zhenkusens0654\visual studio 2012\projects\project2intv1b\project2intv1b\header.h(97): warning C4305: 'initializing' : truncation from 'double' to 'float'
     1>\\fs09d\stu11\home\zhenkusens0654\visual studio 2012\projects\project2intv1b\project2intv1b\commfunctions.cpp(171): warning C4101: 'msgIn' : unreferenced local variable
     1>\\fs09d\stu11\home\zhenkusens0654\visual studio 2012\projects\project2intv1b\project2intv1b\commfunctions.cpp(242): warning C4101: 'msgOut' : unreferenced local variable
       Link:
         C:\Program Files (x86)\Microsoft Visual Studio 11.0\VC\bin\link.exe /ERRORREPORT:PROMPT /OUT:"\\fs09d\stu11\home\zhenkusens0654\visual studio 2012\Projects\Project2Intv1b\Debug\Project2Intv1b.exe" /INCREMENTAL /NOLOGO kernel32.lib user32.lib gdi32.lib winspool.lib comdlg32.lib advapi32.lib shell32.lib ole32.lib oleaut32.lib uuid.lib odbc32.lib odbccp32.lib /MANIFEST /MANIFESTUAC:"level='asInvoker' uiAccess='false'" /manifest:embed /DEBUG /PDB:"\\fs09d\stu11\home\zhenkusens0654\visual studio 2012\Projects\Project2Intv1b\Debug\Project2Intv1b.pdb" /TLBID:1 /DYNAMICBASE /NXCOMPAT /IMPLIB:"\\fs09d\stu11\home\zhenkusens0654\visual studio 2012\Projects\Project2Intv1b\Debug\Project2Intv1b.lib" /MACHINE:X86 Debug\AudFunctions.obj
         Debug\CommFunctions.obj
         Debug\Functions.obj
         Debug\Main.obj
         Project2Intv1b.vcxproj -> \\fs09d\stu11\home\zhenkusens0654\visual studio 2012\Projects\Project2Intv1b\Debug\Project2Intv1b.exe
     1>Done Building Project "\\fs09d\stu11\Home\zhenkusens0654\visual studio 2012\Projects\Project2Intv1b\Project2Intv1b\Project2Intv1b.vcxproj" (Build target(s)).

Build succeeded.

Time Elapsed 00:00:02.61
